mode: atomic
lambda/aws-sandbox/graph-ql-api/schema/bindata.go:11.61,13.16 2 1
lambda/aws-sandbox/graph-ql-api/schema/bindata.go:17.2,21.16 4 1
lambda/aws-sandbox/graph-ql-api/schema/bindata.go:25.2,25.25 1 1
lambda/aws-sandbox/graph-ql-api/schema/bindata.go:13.16,15.3 1 0
lambda/aws-sandbox/graph-ql-api/schema/bindata.go:21.16,23.3 1 0
lambda/aws-sandbox/graph-ql-api/schema/bindata.go:30.39,35.2 1 1
lambda/aws-sandbox/graph-ql-api/schema/bindata.go:40.41,42.43 2 1
lambda/aws-sandbox/graph-ql-api/schema/bindata.go:45.2,45.52 1 0
lambda/aws-sandbox/graph-ql-api/schema/bindata.go:42.43,44.3 1 1
lambda/aws-sandbox/graph-ql-api/schema/bindata.go:49.28,51.29 2 1
lambda/aws-sandbox/graph-ql-api/schema/bindata.go:54.2,54.14 1 1
lambda/aws-sandbox/graph-ql-api/schema/bindata.go:51.29,53.3 1 1
lambda/aws-sandbox/graph-ql-api/schema/bindata.go:74.46,76.20 2 0
lambda/aws-sandbox/graph-ql-api/schema/bindata.go:86.2,86.22 1 0
lambda/aws-sandbox/graph-ql-api/schema/bindata.go:89.2,90.34 2 0
lambda/aws-sandbox/graph-ql-api/schema/bindata.go:93.2,93.16 1 0
lambda/aws-sandbox/graph-ql-api/schema/bindata.go:76.20,79.30 3 0
lambda/aws-sandbox/graph-ql-api/schema/bindata.go:79.30,81.19 2 0
lambda/aws-sandbox/graph-ql-api/schema/bindata.go:81.19,83.5 1 0
lambda/aws-sandbox/graph-ql-api/schema/bindata.go:86.22,88.3 1 0
lambda/aws-sandbox/graph-ql-api/schema/bindata.go:90.34,92.3 1 0
lambda/aws-sandbox/graph-ql-api/schema/schema.go:6.29,8.36 2 1
lambda/aws-sandbox/graph-ql-api/schema/schema.go:17.2,17.21 1 1
lambda/aws-sandbox/graph-ql-api/schema/schema.go:8.36,13.40 3 1
lambda/aws-sandbox/graph-ql-api/schema/schema.go:13.40,15.4 1 0
lambda/aws-sandbox/graph-ql-api/utils/timerange.go:7.65,11.2 3 1
lambda/aws-sandbox/graph-ql-api/utils/jwt.go:26.73,32.89 2 2
lambda/aws-sandbox/graph-ql-api/utils/jwt.go:42.2,42.16 1 2
lambda/aws-sandbox/graph-ql-api/utils/jwt.go:47.2,59.15 3 1
lambda/aws-sandbox/graph-ql-api/utils/jwt.go:32.89,40.3 1 1
lambda/aws-sandbox/graph-ql-api/utils/jwt.go:42.16,45.3 2 1
lambda/aws-sandbox/graph-ql-api/utils/jwt.go:62.66,67.7 4 0
lambda/aws-sandbox/graph-ql-api/utils/jwt.go:67.7,69.3 1 0
lambda/aws-sandbox/graph-ql-api/utils/jwt.go:69.8,72.3 2 0
lambda/aws-sandbox/graph-ql-api/utils/stringValidators.go:7.36,10.2 2 4
lambda/aws-sandbox/graph-ql-api/utils/stringValidators.go:12.38,15.2 2 8
lambda/aws-sandbox/graph-ql-api/models/cloudSandbox.go:21.32,23.2 1 1
lambda/aws-sandbox/graph-ql-api/models/cloudSandbox.go:24.34,26.2 1 1
lambda/aws-sandbox/graph-ql-api/models/cloudSandbox.go:56.39,58.2 1 3
lambda/aws-sandbox/graph-ql-api/models/cloudSandbox.go:60.46,62.2 1 3
lambda/aws-sandbox/graph-ql-api/models/cloudSandbox.go:64.46,66.2 1 3
lambda/aws-sandbox/graph-ql-api/models/cloudSandbox.go:68.43,70.2 1 3
lambda/aws-sandbox/graph-ql-api/models/cloudSandbox.go:72.38,74.2 1 3
lambda/aws-sandbox/graph-ql-api/models/cloudSandbox.go:76.56,78.2 1 0
lambda/aws-sandbox/graph-ql-api/models/cloudSandbox.go:80.49,82.2 1 0
lambda/aws-sandbox/graph-ql-api/models/cloudSandbox.go:84.51,86.2 1 0
lambda/aws-sandbox/graph-ql-api/models/cloudSandbox.go:108.41,110.2 1 3
lambda/aws-sandbox/graph-ql-api/models/cloudSandbox.go:112.45,114.2 1 3
lambda/aws-sandbox/graph-ql-api/models/cloudSandbox.go:116.48,118.2 1 3
lambda/aws-sandbox/graph-ql-api/models/cloudSandbox.go:120.48,122.2 1 3
lambda/aws-sandbox/graph-ql-api/models/cloudSandbox.go:124.45,126.2 1 3
lambda/aws-sandbox/graph-ql-api/models/cloudSandbox.go:127.46,129.2 1 0
lambda/aws-sandbox/graph-ql-api/models/cloudSandbox.go:131.40,133.2 1 0
lambda/aws-sandbox/graph-ql-api/models/cloudSandbox.go:136.55,139.2 2 0
lambda/aws-sandbox/graph-ql-api/models/cloudSandbox.go:141.59,144.2 2 0
lambda/aws-sandbox/graph-ql-api/models/cloudSandbox.go:156.49,158.2 1 0
lambda/aws-sandbox/graph-ql-api/relay/relay.go:39.114,44.50 4 4
lambda/aws-sandbox/graph-ql-api/relay/relay.go:60.2,63.16 3 1
lambda/aws-sandbox/graph-ql-api/relay/relay.go:71.2,80.3 2 1
lambda/aws-sandbox/graph-ql-api/relay/relay.go:44.50,53.19 3 4
lambda/aws-sandbox/graph-ql-api/relay/relay.go:57.3,57.26 1 1
lambda/aws-sandbox/graph-ql-api/relay/relay.go:53.19,55.4 1 3
lambda/aws-sandbox/graph-ql-api/relay/relay.go:63.16,69.3 1 0
lambda/aws-sandbox/graph-ql-api/resolver/updateSandbox.go:8.70,16.2 5 0
lambda/aws-sandbox/graph-ql-api/resolver/leaseSandBox.go:28.29,33.16 4 1
lambda/aws-sandbox/graph-ql-api/resolver/leaseSandBox.go:40.2,41.12 2 0
lambda/aws-sandbox/graph-ql-api/resolver/leaseSandBox.go:48.2,57.49 7 0
lambda/aws-sandbox/graph-ql-api/resolver/leaseSandBox.go:108.2,108.47 1 0
lambda/aws-sandbox/graph-ql-api/resolver/leaseSandBox.go:148.2,148.48 1 0
lambda/aws-sandbox/graph-ql-api/resolver/leaseSandBox.go:33.16,38.3 2 1
lambda/aws-sandbox/graph-ql-api/resolver/leaseSandBox.go:41.12,45.3 2 0
lambda/aws-sandbox/graph-ql-api/resolver/leaseSandBox.go:57.49,74.17 9 0
lambda/aws-sandbox/graph-ql-api/resolver/leaseSandBox.go:78.3,86.17 5 0
lambda/aws-sandbox/graph-ql-api/resolver/leaseSandBox.go:90.3,104.9 1 0
lambda/aws-sandbox/graph-ql-api/resolver/leaseSandBox.go:74.17,77.4 2 0
lambda/aws-sandbox/graph-ql-api/resolver/leaseSandBox.go:86.17,88.4 1 0
lambda/aws-sandbox/graph-ql-api/resolver/leaseSandBox.go:108.47,129.17 6 0
lambda/aws-sandbox/graph-ql-api/resolver/leaseSandBox.go:133.3,143.9 1 0
lambda/aws-sandbox/graph-ql-api/resolver/leaseSandBox.go:129.17,131.4 1 0
lambda/aws-sandbox/graph-ql-api/resolver/listSandboxes.go:15.117,16.19 1 0
lambda/aws-sandbox/graph-ql-api/resolver/listSandboxes.go:20.2,20.26 1 0
lambda/aws-sandbox/graph-ql-api/resolver/listSandboxes.go:24.2,24.33 1 0
lambda/aws-sandbox/graph-ql-api/resolver/listSandboxes.go:28.2,28.33 1 0
lambda/aws-sandbox/graph-ql-api/resolver/listSandboxes.go:31.2,31.10 1 0
lambda/aws-sandbox/graph-ql-api/resolver/listSandboxes.go:16.19,18.3 1 0
lambda/aws-sandbox/graph-ql-api/resolver/listSandboxes.go:20.26,22.3 1 0
lambda/aws-sandbox/graph-ql-api/resolver/listSandboxes.go:24.33,26.3 1 0
lambda/aws-sandbox/graph-ql-api/resolver/listSandboxes.go:28.33,30.3 1 0
lambda/aws-sandbox/graph-ql-api/resolver/listSandboxes.go:37.35,46.16 5 0
lambda/aws-sandbox/graph-ql-api/resolver/listSandboxes.go:52.2,58.29 4 0
lambda/aws-sandbox/graph-ql-api/resolver/listSandboxes.go:91.2,95.8 1 0
lambda/aws-sandbox/graph-ql-api/resolver/listSandboxes.go:46.16,50.3 2 0
lambda/aws-sandbox/graph-ql-api/resolver/listSandboxes.go:58.29,59.26 1 0
lambda/aws-sandbox/graph-ql-api/resolver/listSandboxes.go:74.3,74.28 1 0
lambda/aws-sandbox/graph-ql-api/resolver/listSandboxes.go:59.26,73.4 2 0
lambda/aws-sandbox/graph-ql-api/resolver/listSandboxes.go:74.28,88.4 2 0
lambda/aws-sandbox/graph-ql-api/resolver/returnSandbox.go:15.19,19.16 2 0
lambda/aws-sandbox/graph-ql-api/resolver/returnSandbox.go:23.2,33.16 4 0
lambda/aws-sandbox/graph-ql-api/resolver/returnSandbox.go:37.2,38.21 2 0
lambda/aws-sandbox/graph-ql-api/resolver/returnSandbox.go:19.16,21.3 1 0
lambda/aws-sandbox/graph-ql-api/resolver/returnSandbox.go:33.16,35.3 1 0
lambda/aws-sandbox/graph-ql-api/api/api.go:27.144,29.2 1 0
lambda/aws-sandbox/graph-ql-api/api/api.go:31.162,33.2 1 0
lambda/aws-sandbox/graph-ql-api/api/api.go:35.147,37.2 1 0
lambda/aws-sandbox/graph-ql-api/api/api.go:50.171,52.2 1 2
lambda/aws-sandbox/graph-ql-api/api/dynamoDb.go:25.112,27.46 2 1
lambda/aws-sandbox/graph-ql-api/api/dynamoDb.go:39.2,39.64 1 1
lambda/aws-sandbox/graph-ql-api/api/dynamoDb.go:27.46,29.18 2 1
lambda/aws-sandbox/graph-ql-api/api/dynamoDb.go:29.18,32.25 3 0
lambda/aws-sandbox/graph-ql-api/api/dynamoDb.go:32.25,35.5 2 0
lambda/aws-sandbox/graph-ql-api/api/dynamoDb.go:42.118,44.21 2 7
lambda/aws-sandbox/graph-ql-api/api/dynamoDb.go:62.2,62.22 1 1
lambda/aws-sandbox/graph-ql-api/api/dynamoDb.go:44.21,51.5 1 6
lambda/aws-sandbox/graph-ql-api/api/dynamoDb.go:51.5,55.20 4 15
lambda/aws-sandbox/graph-ql-api/api/dynamoDb.go:55.20,59.5 3 6
lambda/aws-sandbox/graph-ql-api/api/dynamoDb.go:65.140,70.15 3 3
lambda/aws-sandbox/graph-ql-api/api/dynamoDb.go:78.2,80.21 2 3
lambda/aws-sandbox/graph-ql-api/api/dynamoDb.go:85.2,92.28 5 0
lambda/aws-sandbox/graph-ql-api/api/dynamoDb.go:104.2,121.32 3 0
lambda/aws-sandbox/graph-ql-api/api/dynamoDb.go:127.2,127.40 1 0
lambda/aws-sandbox/graph-ql-api/api/dynamoDb.go:132.2,135.16 3 0
lambda/aws-sandbox/graph-ql-api/api/dynamoDb.go:140.2,142.16 2 0
lambda/aws-sandbox/graph-ql-api/api/dynamoDb.go:146.2,146.14 1 0
lambda/aws-sandbox/graph-ql-api/api/dynamoDb.go:70.15,72.31 1 3
lambda/aws-sandbox/graph-ql-api/api/dynamoDb.go:72.31,75.4 2 0
lambda/aws-sandbox/graph-ql-api/api/dynamoDb.go:80.21,83.3 2 3
lambda/aws-sandbox/graph-ql-api/api/dynamoDb.go:92.28,94.37 2 0
lambda/aws-sandbox/graph-ql-api/api/dynamoDb.go:99.3,101.53 3 0
lambda/aws-sandbox/graph-ql-api/api/dynamoDb.go:94.37,98.4 3 0
lambda/aws-sandbox/graph-ql-api/api/dynamoDb.go:121.32,125.3 3 0
lambda/aws-sandbox/graph-ql-api/api/dynamoDb.go:127.40,130.3 2 0
lambda/aws-sandbox/graph-ql-api/api/dynamoDb.go:135.16,138.3 2 0
lambda/aws-sandbox/graph-ql-api/api/dynamoDb.go:142.16,145.3 2 0
lambda/aws-sandbox/graph-ql-api/api/eventBridge.go:23.108,29.16 4 2
lambda/aws-sandbox/graph-ql-api/api/eventBridge.go:33.2,46.16 3 2
lambda/aws-sandbox/graph-ql-api/api/eventBridge.go:50.2,50.34 1 2
lambda/aws-sandbox/graph-ql-api/api/eventBridge.go:55.2,55.20 1 1
lambda/aws-sandbox/graph-ql-api/api/eventBridge.go:29.16,31.3 1 0
lambda/aws-sandbox/graph-ql-api/api/eventBridge.go:46.16,48.3 1 0
lambda/aws-sandbox/graph-ql-api/api/eventBridge.go:50.34,53.3 2 1
lambda/aws-sandbox/graph-ql-api/connection/connection.go:17.59,18.32 1 4
lambda/aws-sandbox/graph-ql-api/connection/connection.go:27.2,30.39 3 2
lambda/aws-sandbox/graph-ql-api/connection/connection.go:39.2,44.42 2 2
lambda/aws-sandbox/graph-ql-api/connection/connection.go:48.2,48.16 1 2
lambda/aws-sandbox/graph-ql-api/connection/connection.go:53.2,55.12 2 2
lambda/aws-sandbox/graph-ql-api/connection/connection.go:18.32,21.8 3 2
lambda/aws-sandbox/graph-ql-api/connection/connection.go:21.8,23.4 1 1
lambda/aws-sandbox/graph-ql-api/connection/connection.go:23.9,25.4 1 1
lambda/aws-sandbox/graph-ql-api/connection/connection.go:30.39,32.79 1 0
lambda/aws-sandbox/graph-ql-api/connection/connection.go:36.3,36.37 1 0
lambda/aws-sandbox/graph-ql-api/connection/connection.go:32.79,35.5 1 0
lambda/aws-sandbox/graph-ql-api/connection/connection.go:44.42,46.3 1 2
lambda/aws-sandbox/graph-ql-api/connection/connection.go:48.16,50.3 1 0
lambda/aws-sandbox/graph-ql-api/connection/connection.go:58.67,59.32 1 4
lambda/aws-sandbox/graph-ql-api/connection/connection.go:69.2,74.25 4 2
lambda/aws-sandbox/graph-ql-api/connection/connection.go:79.2,84.42 2 2
lambda/aws-sandbox/graph-ql-api/connection/connection.go:88.2,88.16 1 2
lambda/aws-sandbox/graph-ql-api/connection/connection.go:92.2,92.39 1 2
lambda/aws-sandbox/graph-ql-api/connection/connection.go:59.32,62.8 3 2
lambda/aws-sandbox/graph-ql-api/connection/connection.go:62.8,64.4 1 1
lambda/aws-sandbox/graph-ql-api/connection/connection.go:64.9,66.4 1 1
lambda/aws-sandbox/graph-ql-api/connection/connection.go:74.25,77.3 2 0
lambda/aws-sandbox/graph-ql-api/connection/connection.go:84.42,86.3 1 2
lambda/aws-sandbox/graph-ql-api/connection/connection.go:88.16,90.3 1 0
lambda/aws-sandbox/graph-ql-api/main.go:22.13,27.2 2 1
lambda/aws-sandbox/graph-ql-api/main.go:29.114,43.2 5 1
lambda/aws-sandbox/graph-ql-api/main.go:45.14,46.73 1 0
lambda/aws-sandbox/graph-ql-api/main.go:66.2,66.35 1 0
lambda/aws-sandbox/graph-ql-api/main.go:46.73,50.17 2 0
lambda/aws-sandbox/graph-ql-api/main.go:54.3,64.37 4 0
lambda/aws-sandbox/graph-ql-api/main.go:50.17,51.14 1 0
lambda/aws-sandbox/graph-ql-api/main.go:69.13,73.10 3 0
lambda/aws-sandbox/graph-ql-api/main.go:82.2,82.23 1 0
lambda/aws-sandbox/graph-ql-api/main.go:73.10,77.3 3 0
